<?xml version="1.0" encoding="UTF-8"?>
<!-- Generated by org.testng.reporters.JUnitReportReporter -->
<testsuite hostname="ADMIN-PC" failures="0" tests="5" name="sample_TestNG.GroupingInTestNG" time="0.027" errors="0" timestamp="2020-12-02T17:06:21 PST" skipped="0">
  <testcase classname="sample_TestNG.GroupingInTestNG" name="beforeSuite" time="0.002"/>
  <system-out/>
  <testcase classname="sample_TestNG.GroupingInTestNG" name="AfterMethod" time="0.016"/>
  <system-out/>
  <testcase classname="sample_TestNG.GroupingInTestNG" name="beforeMethod" time="0.003"/>
  <system-out/>
  <testcase classname="sample_TestNG.GroupingInTestNG" name="afterSuite" time="0.003"/>
  <system-out/>
  <testcase classname="sample_TestNG.GroupingInTestNG" name="beforeClass" time="0.003"/>
  <system-out/>
</testsuite> <!-- sample_TestNG.GroupingInTestNG -->
