<?xml version="1.0" encoding="UTF-8"?>
<!-- Generated by org.testng.reporters.JUnitReportReporter -->
<testsuite hostname="ADMIN-PC" failures="0" tests="3" name="sample_TestNG.SampleTestNGtest1" time="0.030" errors="0" timestamp="2020-12-02T16:29:15 PST" skipped="0">
  <testcase classname="sample_TestNG.SampleTestNGtest1" name="close1" time="0.016"/>
  <system-out/>
  <testcase classname="sample_TestNG.SampleTestNGtest1" name="login1" time="0.010"/>
  <system-out/>
  <testcase classname="sample_TestNG.SampleTestNGtest1" name="setup1" time="0.004"/>
  <system-out/>
</testsuite> <!-- sample_TestNG.SampleTestNGtest1 -->
