<?xml version="1.0" encoding="UTF-8"?>
<!-- Generated by org.testng.reporters.JUnitReportReporter -->
<testsuite hostname="ADMIN-PC" failures="0" tests="1" name="com.SampleBankingProject.testCases.TC_Login_TC001" time="66.294" errors="0" timestamp="2020-12-06T13:39:44 PST" skipped="0">
  <testcase classname="com.SampleBankingProject.testCases.TC_Login_TC001" name="loginTest" time="66.294"/>
  <system-out/>
</testsuite> <!-- com.SampleBankingProject.testCases.TC_Login_TC001 -->
